<?xml version="1.0" encoding="UTF-8"?>
<!-- Generated by org.testng.reporters.JUnitXMLReporter -->
<testsuite ignored="0" hostname="LAPTOP-Q4CH59L7" failures="0" tests="2" name="Default test" time="24.149" errors="0" timestamp="2022-12-03T12:43:49 IST">
  <testcase classname="neoStoxTestclasses.ValidateNeoStoxAccBalance2" name="validateUserID" time="0.329"/>
  <testcase classname="neoStoxTestclasses.ValidateNeoStoxAccBalance2" name="validateAccBalance" time="0.427"/>
</testsuite> <!-- Default test -->
