<?xml version="1.0" encoding="UTF-8"?>
<testng-results ignored="0" total="2" passed="2" failed="0" skipped="0">
  <reporter-output>
    <line>
      <![CDATA[reading url from property file]]>
    </line>
    <line>
      <![CDATA[launching Browser]]>
    </line>
    <line>
      <![CDATA[Waiting for 1000ms]]>
    </line>
    <line>
      <![CDATA[Clicking on Sign In button]]>
    </line>
    <line>
      <![CDATA[reading mobnum from property file]]>
    </line>
    <line>
      <![CDATA[Waiting for 1000ms]]>
    </line>
    <line>
      <![CDATA[Entering Mobile number]]>
    </line>
    <line>
      <![CDATA[Waiting for 1000ms]]>
    </line>
    <line>
      <![CDATA[Clicking on SignIn Button]]>
    </line>
    <line>
      <![CDATA[Waiting for 1000ms]]>
    </line>
    <line>
      <![CDATA[reading password from property file]]>
    </line>
    <line>
      <![CDATA[Waiting for 3000ms]]>
    </line>
    <line>
      <![CDATA[Entering password]]>
    </line>
    <line>
      <![CDATA[Waiting for 3000ms]]>
    </line>
    <line>
      <![CDATA[Clicking on submit button]]>
    </line>
    <line>
      <![CDATA[Waiting for 1000ms]]>
    </line>
    <line>
      <![CDATA[Handling Popup]]>
    </line>
    <line>
      <![CDATA[clicking on OK button of Popup]]>
    </line>
    <line>
      <![CDATA[Waiting for 1000ms]]>
    </line>
    <line>
      <![CDATA[clicking on Close button of Popup]]>
    </line>
    <line>
      <![CDATA[Waiting for 1000ms]]>
    </line>
    <line>
      <![CDATA[getting actual user name = Hi Suraj Kawade]]>
    </line>
    <line>
      <![CDATA[reading username from property file]]>
    </line>
    <line>
      <![CDATA[Waiting for 1000ms]]>
    </line>
    <line>
      <![CDATA[getting actual user name = Hi Suraj Kawade]]>
    </line>
    <line>
      <![CDATA[Waiting for 500ms]]>
    </line>
    <line>
      <![CDATA[taking screenshot]]>
    </line>
    <line>
      <![CDATA[Waiting for 1000ms]]>
    </line>
    <line>
      <![CDATA[Logging out]]>
    </line>
    <line>
      <![CDATA[Waiting for 1000ms]]>
    </line>
    <line>
      <![CDATA[Clicking on Sign In button]]>
    </line>
    <line>
      <![CDATA[reading mobnum from property file]]>
    </line>
    <line>
      <![CDATA[Waiting for 1000ms]]>
    </line>
    <line>
      <![CDATA[Entering Mobile number]]>
    </line>
    <line>
      <![CDATA[Waiting for 1000ms]]>
    </line>
    <line>
      <![CDATA[Clicking on SignIn Button]]>
    </line>
    <line>
      <![CDATA[Waiting for 1000ms]]>
    </line>
    <line>
      <![CDATA[reading password from property file]]>
    </line>
    <line>
      <![CDATA[Waiting for 3000ms]]>
    </line>
    <line>
      <![CDATA[Entering password]]>
    </line>
    <line>
      <![CDATA[Waiting for 3000ms]]>
    </line>
    <line>
      <![CDATA[Clicking on submit button]]>
    </line>
    <line>
      <![CDATA[there is no Popup]]>
    </line>
    <line>
      <![CDATA[Waiting for 1000ms]]>
    </line>
    <line>
      <![CDATA[getting accBalance ]]>
    </line>
    <line>
      <![CDATA[Account Balance is Rs.5,00,000.00]]>
    </line>
    <line>
      <![CDATA[Waiting for 500ms]]>
    </line>
    <line>
      <![CDATA[taking screenshot]]>
    </line>
    <line>
      <![CDATA[Waiting for 1000ms]]>
    </line>
    <line>
      <![CDATA[Logging out]]>
    </line>
    <line>
      <![CDATA[closing browser]]>
    </line>
  </reporter-output>
  <suite started-at="2022-12-03T12:43:25 IST" name="Default suite" finished-at="2022-12-03T12:43:49 IST" duration-ms="24149">
    <groups>
    </groups>
    <test started-at="2022-12-03T12:43:25 IST" name="Default test" finished-at="2022-12-03T12:43:49 IST" duration-ms="24149">
      <class name="neoStoxTestclasses.ValidateNeoStoxAccBalance2">
        <test-method is-config="true" signature="launchNeoStox()[pri:0, instance:neoStoxTestclasses.ValidateNeoStoxAccBalance2@53ce1329]" started-at="2022-12-03T12:43:25 IST" name="launchNeoStox" finished-at="2022-12-03T12:43:31 IST" duration-ms="6131" status="PASS">
          <reporter-output>
            <line>
              <![CDATA[reading url from property file]]>
            </line>
            <line>
              <![CDATA[launching Browser]]>
            </line>
          </reporter-output>
        </test-method> <!-- launchNeoStox -->
        <test-method is-config="true" signature="logintoNeoStox()[pri:0, instance:neoStoxTestclasses.ValidateNeoStoxAccBalance2@53ce1329]" started-at="2022-12-03T12:43:31 IST" name="logintoNeoStox" finished-at="2022-12-03T12:43:40 IST" duration-ms="8552" status="PASS">
          <reporter-output>
            <line>
              <![CDATA[Waiting for 1000ms]]>
            </line>
            <line>
              <![CDATA[Clicking on Sign In button]]>
            </line>
            <line>
              <![CDATA[reading mobnum from property file]]>
            </line>
            <line>
              <![CDATA[Waiting for 1000ms]]>
            </line>
            <line>
              <![CDATA[Entering Mobile number]]>
            </line>
            <line>
              <![CDATA[Waiting for 1000ms]]>
            </line>
            <line>
              <![CDATA[Clicking on SignIn Button]]>
            </line>
            <line>
              <![CDATA[Waiting for 1000ms]]>
            </line>
            <line>
              <![CDATA[reading password from property file]]>
            </line>
            <line>
              <![CDATA[Waiting for 3000ms]]>
            </line>
            <line>
              <![CDATA[Entering password]]>
            </line>
            <line>
              <![CDATA[Waiting for 3000ms]]>
            </line>
            <line>
              <![CDATA[Clicking on submit button]]>
            </line>
            <line>
              <![CDATA[Waiting for 1000ms]]>
            </line>
            <line>
              <![CDATA[Handling Popup]]>
            </line>
            <line>
              <![CDATA[clicking on OK button of Popup]]>
            </line>
            <line>
              <![CDATA[Waiting for 1000ms]]>
            </line>
            <line>
              <![CDATA[clicking on Close button of Popup]]>
            </line>
          </reporter-output>
        </test-method> <!-- logintoNeoStox -->
        <test-method signature="validateUserID()[pri:-1, instance:neoStoxTestclasses.ValidateNeoStoxAccBalance2@53ce1329]" started-at="2022-12-03T12:43:40 IST" name="validateUserID" finished-at="2022-12-03T12:43:40 IST" duration-ms="329" status="PASS">
          <reporter-output>
            <line>
              <![CDATA[Waiting for 1000ms]]>
            </line>
            <line>
              <![CDATA[getting actual user name = Hi Suraj Kawade]]>
            </line>
            <line>
              <![CDATA[reading username from property file]]>
            </line>
            <line>
              <![CDATA[Waiting for 1000ms]]>
            </line>
            <line>
              <![CDATA[getting actual user name = Hi Suraj Kawade]]>
            </line>
            <line>
              <![CDATA[Waiting for 500ms]]>
            </line>
            <line>
              <![CDATA[taking screenshot]]>
            </line>
          </reporter-output>
        </test-method> <!-- validateUserID -->
        <test-method is-config="true" signature="logOutFromNeoStox()[pri:0, instance:neoStoxTestclasses.ValidateNeoStoxAccBalance2@53ce1329]" started-at="2022-12-03T12:43:40 IST" name="logOutFromNeoStox" finished-at="2022-12-03T12:43:40 IST" duration-ms="120" status="PASS">
          <reporter-output>
            <line>
              <![CDATA[Waiting for 1000ms]]>
            </line>
            <line>
              <![CDATA[Logging out]]>
            </line>
          </reporter-output>
        </test-method> <!-- logOutFromNeoStox -->
        <test-method is-config="true" signature="logintoNeoStox()[pri:0, instance:neoStoxTestclasses.ValidateNeoStoxAccBalance2@53ce1329]" started-at="2022-12-03T12:43:40 IST" name="logintoNeoStox" finished-at="2022-12-03T12:43:48 IST" duration-ms="8164" status="PASS">
          <reporter-output>
            <line>
              <![CDATA[Waiting for 1000ms]]>
            </line>
            <line>
              <![CDATA[Clicking on Sign In button]]>
            </line>
            <line>
              <![CDATA[reading mobnum from property file]]>
            </line>
            <line>
              <![CDATA[Waiting for 1000ms]]>
            </line>
            <line>
              <![CDATA[Entering Mobile number]]>
            </line>
            <line>
              <![CDATA[Waiting for 1000ms]]>
            </line>
            <line>
              <![CDATA[Clicking on SignIn Button]]>
            </line>
            <line>
              <![CDATA[Waiting for 1000ms]]>
            </line>
            <line>
              <![CDATA[reading password from property file]]>
            </line>
            <line>
              <![CDATA[Waiting for 3000ms]]>
            </line>
            <line>
              <![CDATA[Entering password]]>
            </line>
            <line>
              <![CDATA[Waiting for 3000ms]]>
            </line>
            <line>
              <![CDATA[Clicking on submit button]]>
            </line>
            <line>
              <![CDATA[there is no Popup]]>
            </line>
          </reporter-output>
        </test-method> <!-- logintoNeoStox -->
        <test-method signature="validateAccBalance()[pri:0, instance:neoStoxTestclasses.ValidateNeoStoxAccBalance2@53ce1329]" started-at="2022-12-03T12:43:48 IST" name="validateAccBalance" finished-at="2022-12-03T12:43:49 IST" duration-ms="427" status="PASS">
          <reporter-output>
            <line>
              <![CDATA[Waiting for 1000ms]]>
            </line>
            <line>
              <![CDATA[getting accBalance ]]>
            </line>
            <line>
              <![CDATA[Account Balance is Rs.5,00,000.00]]>
            </line>
            <line>
              <![CDATA[Waiting for 500ms]]>
            </line>
            <line>
              <![CDATA[taking screenshot]]>
            </line>
          </reporter-output>
        </test-method> <!-- validateAccBalance -->
        <test-method is-config="true" signature="logOutFromNeoStox()[pri:0, instance:neoStoxTestclasses.ValidateNeoStoxAccBalance2@53ce1329]" started-at="2022-12-03T12:43:49 IST" name="logOutFromNeoStox" finished-at="2022-12-03T12:43:49 IST" duration-ms="138" status="PASS">
          <reporter-output>
            <line>
              <![CDATA[Waiting for 1000ms]]>
            </line>
            <line>
              <![CDATA[Logging out]]>
            </line>
          </reporter-output>
        </test-method> <!-- logOutFromNeoStox -->
        <test-method is-config="true" signature="closeBrowser()[pri:0, instance:neoStoxTestclasses.ValidateNeoStoxAccBalance2@53ce1329]" started-at="2022-12-03T12:43:49 IST" name="closeBrowser" finished-at="2022-12-03T12:43:49 IST" duration-ms="251" status="PASS">
          <reporter-output>
            <line>
              <![CDATA[closing browser]]>
            </line>
          </reporter-output>
        </test-method> <!-- closeBrowser -->
      </class> <!-- neoStoxTestclasses.ValidateNeoStoxAccBalance2 -->
    </test> <!-- Default test -->
  </suite> <!-- Default suite -->
</testng-results>
